# JRE version: Java(TM) SE Runtime Environment (8.0_161-b12) (build 1.8.0_161-b12)
# Java VM: Java HotSpot(TM) 64-Bit Server VM (25.161-b12 mixed mode windows-amd64 compressed oops)
Heap:
 PSYoungGen      total 141824K, used 41024K [0x000000076b380000, 0x000000077ce00000, 0x00000007c0000000)
  eden space 131072K, 23% used [0x000000076b380000,0x000000076d112ef8,0x0000000773380000)
  from space 10752K, 99% used [0x0000000773380000,0x0000000773dfd200,0x0000000773e00000)
  to   space 27136K, 0% used [0x000000077b380000,0x000000077b380000,0x000000077ce00000)
 ParOldGen       total 93184K, used 26480K [0x00000006c1a00000, 0x00000006c7500000, 0x000000076b380000)
  object space 93184K, 28% used [0x00000006c1a00000,0x00000006c33dc280,0x00000006c7500000)
 Metaspace       used 33468K, capacity 34622K, committed 34816K, reserved 1079296K
  class space    used 4319K, capacity 4570K, committed 4608K, reserved 1048576K
GC Heap History (10 events):
Event: 2.572 GC heap before
{Heap before GC invocations=2 (full 0):
 PSYoungGen      total 76288K, used 76259K [0x000000076b380000, 0x0000000770880000, 0x00000007c0000000)
  eden space 65536K, 100% used [0x000000076b380000,0x000000076f380000,0x000000076f380000)
  from space 10752K, 99% used [0x000000076f380000,0x000000076fdf8fb0,0x000000076fe00000)
  to   space 10752K, 0% used [0x000000076fe00000,0x000000076fe00000,0x0000000770880000)
 ParOldGen       total 175104K, used 5018K [0x00000006c1a00000, 0x00000006cc500000, 0x000000076b380000)
  object space 175104K, 2% used [0x00000006c1a00000,0x00000006c1ee6be0,0x00000006cc500000)
 Metaspace       used 10777K, capacity 10984K, committed 11136K, reserved 1058816K
  class space    used 1280K, capacity 1355K, committed 1408K, reserved 1048576K
Event: 2.576 GC heap after
Heap after GC invocations=2 (full 0):
 PSYoungGen      total 76288K, used 9635K [0x000000076b380000, 0x0000000774880000, 0x00000007c0000000)
  eden space 65536K, 0% used [0x000000076b380000,0x000000076b380000,0x000000076f380000)
  from space 10752K, 89% used [0x000000076fe00000,0x0000000770768ca8,0x0000000770880000)
  to   space 10752K, 0% used [0x000000076f380000,0x000000076f380000,0x000000076fe00000)
 ParOldGen       total 175104K, used 7300K [0x00000006c1a00000, 0x00000006cc500000, 0x000000076b380000)
  object space 175104K, 4% used [0x00000006c1a00000,0x00000006c21211d0,0x00000006cc500000)
 Metaspace       used 10777K, capacity 10984K, committed 11136K, reserved 1058816K
  class space    used 1280K, capacity 1355K, committed 1408K, reserved 1048576K
}
Event: 8.149 GC heap before
{Heap before GC invocations=3 (full 0):
 PSYoungGen      total 76288K, used 75171K [0x000000076b380000, 0x0000000774880000, 0x00000007c0000000)
  eden space 65536K, 100% used [0x000000076b380000,0x000000076f380000,0x000000076f380000)
  from space 10752K, 89% used [0x000000076fe00000,0x0000000770768ca8,0x0000000770880000)
  to   space 10752K, 0% used [0x000000076f380000,0x000000076f380000,0x000000076fe00000)
 ParOldGen       total 175104K, used 7300K [0x00000006c1a00000, 0x00000006cc500000, 0x000000076b380000)
  object space 175104K, 4% used [0x00000006c1a00000,0x00000006c21211d0,0x00000006cc500000)
 Metaspace       used 14912K, capacity 15178K, committed 15488K, reserved 1062912K
  class space    used 1785K, capacity 1874K, committed 1920K, reserved 1048576K
Event: 8.152 GC heap after
Heap after GC invocations=3 (full 0):
 PSYoungGen      total 76288K, used 9818K [0x000000076b380000, 0x0000000774880000, 0x00000007c0000000)
  eden space 65536K, 0% used [0x000000076b380000,0x000000076b380000,0x000000076f380000)
  from space 10752K, 91% used [0x000000076f380000,0x000000076fd16b68,0x000000076fe00000)
  to   space 10752K, 0% used [0x0000000773e00000,0x0000000773e00000,0x0000000774880000)
 ParOldGen       total 175104K, used 7308K [0x00000006c1a00000, 0x00000006cc500000, 0x000000076b380000)
  object space 175104K, 4% used [0x00000006c1a00000,0x00000006c21231d0,0x00000006cc500000)
 Metaspace       used 14912K, capacity 15178K, committed 15488K, reserved 1062912K
  class space    used 1785K, capacity 1874K, committed 1920K, reserved 1048576K
}
Event: 8.916 GC heap before
{Heap before GC invocations=4 (full 0):
 PSYoungGen      total 76288K, used 28966K [0x000000076b380000, 0x0000000774880000, 0x00000007c0000000)
  eden space 65536K, 29% used [0x000000076b380000,0x000000076c633088,0x000000076f380000)
  from space 10752K, 91% used [0x000000076f380000,0x000000076fd16b68,0x000000076fe00000)
  to   space 10752K, 0% used [0x0000000773e00000,0x0000000773e00000,0x0000000774880000)
 ParOldGen       total 175104K, used 7308K [0x00000006c1a00000, 0x00000006cc500000, 0x000000076b380000)
  object space 175104K, 4% used [0x00000006c1a00000,0x00000006c21231d0,0x00000006cc500000)
 Metaspace       used 20725K, capacity 21202K, committed 21248K, reserved 1067008K
  class space    used 2651K, capacity 2794K, committed 2816K, reserved 1048576K
Event: 8.921 GC heap after
Heap after GC invocations=4 (full 0):
 PSYoungGen      total 141824K, used 10748K [0x000000076b380000, 0x0000000774880000, 0x00000007c0000000)
  eden space 131072K, 0% used [0x000000076b380000,0x000000076b380000,0x0000000773380000)
  from space 10752K, 99% used [0x0000000773e00000,0x000000077487f148,0x0000000774880000)
  to   space 10752K, 0% used [0x0000000773380000,0x0000000773380000,0x0000000773e00000)
 ParOldGen       total 175104K, used 10785K [0x00000006c1a00000, 0x00000006cc500000, 0x000000076b380000)
  object space 175104K, 6% used [0x00000006c1a00000,0x00000006c2488790,0x00000006cc500000)
 Metaspace       used 20725K, capacity 21202K, committed 21248K, reserved 1067008K
  class space    used 2651K, capacity 2794K, committed 2816K, reserved 1048576K
}
Event: 8.921 GC heap before
{Heap before GC invocations=5 (full 1):
 PSYoungGen      total 141824K, used 10748K [0x000000076b380000, 0x0000000774880000, 0x00000007c0000000)
  eden space 131072K, 0% used [0x000000076b380000,0x000000076b380000,0x0000000773380000)
  from space 10752K, 99% used [0x0000000773e00000,0x000000077487f148,0x0000000774880000)
  to   space 10752K, 0% used [0x0000000773380000,0x0000000773380000,0x0000000773e00000)
 ParOldGen       total 175104K, used 10785K [0x00000006c1a00000, 0x00000006cc500000, 0x000000076b380000)
  object space 175104K, 6% used [0x00000006c1a00000,0x00000006c2488790,0x00000006cc500000)
 Metaspace       used 20725K, capacity 21202K, committed 21248K, reserved 1067008K
  class space    used 2651K, capacity 2794K, committed 2816K, reserved 1048576K
Event: 8.943 GC heap after
Heap after GC invocations=5 (full 1):
 PSYoungGen      total 141824K, used 0K [0x000000076b380000, 0x0000000774880000, 0x00000007c0000000)
  eden space 131072K, 0% used [0x000000076b380000,0x000000076b380000,0x0000000773380000)
  from space 10752K, 0% used [0x0000000773e00000,0x0000000773e00000,0x0000000774880000)
  to   space 10752K, 0% used [0x0000000773380000,0x0000000773380000,0x0000000773e00000)
 ParOldGen       total 93184K, used 9845K [0x00000006c1a00000, 0x00000006c7500000, 0x000000076b380000)
  object space 93184K, 10% used [0x00000006c1a00000,0x00000006c239d680,0x00000006c7500000)
 Metaspace       used 20725K, capacity 21202K, committed 21248K, reserved 1067008K
  class space    used 2651K, capacity 2794K, committed 2816K, reserved 1048576K
}
Event: 77.186 GC heap before
{Heap before GC invocations=6 (full 1):
 PSYoungGen      total 141824K, used 131072K [0x000000076b380000, 0x0000000774880000, 0x00000007c0000000)
  eden space 131072K, 100% used [0x000000076b380000,0x0000000773380000,0x0000000773380000)
  from space 10752K, 0% used [0x0000000773e00000,0x0000000773e00000,0x0000000774880000)
  to   space 10752K, 0% used [0x0000000773380000,0x0000000773380000,0x0000000773e00000)
 ParOldGen       total 93184K, used 9845K [0x00000006c1a00000, 0x00000006c7500000, 0x000000076b380000)
  object space 93184K, 10% used [0x00000006c1a00000,0x00000006c239d680,0x00000006c7500000)
 Metaspace       used 33399K, capacity 34558K, committed 34816K, reserved 1079296K
  class space    used 4318K, capacity 4570K, committed 4608K, reserved 1048576K
Event: 77.200 GC heap after
Heap after GC invocations=6 (full 1):
 PSYoungGen      total 141824K, used 10740K [0x000000076b380000, 0x000000077ce00000, 0x00000007c0000000)
  eden space 131072K, 0% used [0x000000076b380000,0x000000076b380000,0x0000000773380000)
  from space 10752K, 99% used [0x0000000773380000,0x0000000773dfd200,0x0000000773e00000)
  to   space 27136K, 0% used [0x000000077b380000,0x000000077b380000,0x000000077ce00000)
 ParOldGen       total 93184K, used 26480K [0x00000006c1a00000, 0x00000006c7500000, 0x000000076b380000)
  object space 93184K, 28% used [0x00000006c1a00000,0x00000006c33dc280,0x00000006c7500000)
 Metaspace       used 33399K, capacity 34558K, committed 34816K, reserved 1079296K
  class space    used 4318K, capacity 4570K, committed 4608K, reserved 1048576K
}

