# JRE version: Java(TM) SE Runtime Environment (8.0_161-b12) (build 1.8.0_161-b12)
# Java VM: Java HotSpot(TM) 64-Bit Server VM (25.161-b12 mixed mode windows-amd64 compressed oops)
Heap:
 PSYoungGen      total 141824K, used 72051K [0x000000076b380000, 0x000000077c280000, 0x00000007c0000000)
  eden space 131072K, 46% used [0x000000076b380000,0x000000076ef63848,0x0000000773380000)
  from space 10752K, 99% used [0x0000000773380000,0x0000000773df9780,0x0000000773e00000)
  to   space 22528K, 0% used [0x000000077ac80000,0x000000077ac80000,0x000000077c280000)
 ParOldGen       total 94208K, used 19180K [0x00000006c1a00000, 0x00000006c7600000, 0x000000076b380000)
  object space 94208K, 20% used [0x00000006c1a00000,0x00000006c2cbb1c0,0x00000006c7600000)
 Metaspace       used 33173K, capacity 34292K, committed 34560K, reserved 1079296K
  class space    used 4283K, capacity 4509K, committed 4608K, reserved 1048576K
GC Heap History (10 events):
Event: 2.502 GC heap before
{Heap before GC invocations=2 (full 0):
 PSYoungGen      total 76288K, used 76275K [0x000000076b380000, 0x0000000770880000, 0x00000007c0000000)
  eden space 65536K, 100% used [0x000000076b380000,0x000000076f380000,0x000000076f380000)
  from space 10752K, 99% used [0x000000076f380000,0x000000076fdfcfc0,0x000000076fe00000)
  to   space 10752K, 0% used [0x000000076fe00000,0x000000076fe00000,0x0000000770880000)
 ParOldGen       total 175104K, used 5002K [0x00000006c1a00000, 0x00000006cc500000, 0x000000076b380000)
  object space 175104K, 2% used [0x00000006c1a00000,0x00000006c1ee2be0,0x00000006cc500000)
 Metaspace       used 10785K, capacity 10984K, committed 11136K, reserved 1058816K
  class space    used 1278K, capacity 1355K, committed 1408K, reserved 1048576K
Event: 2.505 GC heap after
Heap after GC invocations=2 (full 0):
 PSYoungGen      total 76288K, used 10739K [0x000000076b380000, 0x0000000774880000, 0x00000007c0000000)
  eden space 65536K, 0% used [0x000000076b380000,0x000000076b380000,0x000000076f380000)
  from space 10752K, 99% used [0x000000076fe00000,0x000000077087cfc0,0x0000000770880000)
  to   space 10752K, 0% used [0x000000076f380000,0x000000076f380000,0x000000076fe00000)
 ParOldGen       total 175104K, used 5034K [0x00000006c1a00000, 0x00000006cc500000, 0x000000076b380000)
  object space 175104K, 2% used [0x00000006c1a00000,0x00000006c1eeabe0,0x00000006cc500000)
 Metaspace       used 10785K, capacity 10984K, committed 11136K, reserved 1058816K
  class space    used 1278K, capacity 1355K, committed 1408K, reserved 1048576K
}
Event: 6.845 GC heap before
{Heap before GC invocations=3 (full 0):
 PSYoungGen      total 76288K, used 76275K [0x000000076b380000, 0x0000000774880000, 0x00000007c0000000)
  eden space 65536K, 100% used [0x000000076b380000,0x000000076f380000,0x000000076f380000)
  from space 10752K, 99% used [0x000000076fe00000,0x000000077087cfc0,0x0000000770880000)
  to   space 10752K, 0% used [0x000000076f380000,0x000000076f380000,0x000000076fe00000)
 ParOldGen       total 175104K, used 5034K [0x00000006c1a00000, 0x00000006cc500000, 0x000000076b380000)
  object space 175104K, 2% used [0x00000006c1a00000,0x00000006c1eeabe0,0x00000006cc500000)
 Metaspace       used 14853K, capacity 15146K, committed 15488K, reserved 1062912K
  class space    used 1764K, capacity 1842K, committed 1920K, reserved 1048576K
Event: 6.848 GC heap after
Heap after GC invocations=3 (full 0):
 PSYoungGen      total 76288K, used 8666K [0x000000076b380000, 0x0000000774880000, 0x00000007c0000000)
  eden space 65536K, 0% used [0x000000076b380000,0x000000076b380000,0x000000076f380000)
  from space 10752K, 80% used [0x000000076f380000,0x000000076fbf6b48,0x000000076fe00000)
  to   space 10752K, 0% used [0x0000000773e00000,0x0000000773e00000,0x0000000774880000)
 ParOldGen       total 175104K, used 5042K [0x00000006c1a00000, 0x00000006cc500000, 0x000000076b380000)
  object space 175104K, 2% used [0x00000006c1a00000,0x00000006c1eecbe0,0x00000006cc500000)
 Metaspace       used 14853K, capacity 15146K, committed 15488K, reserved 1062912K
  class space    used 1764K, capacity 1842K, committed 1920K, reserved 1048576K
}
Event: 7.595 GC heap before
{Heap before GC invocations=4 (full 0):
 PSYoungGen      total 76288K, used 26902K [0x000000076b380000, 0x0000000774880000, 0x00000007c0000000)
  eden space 65536K, 27% used [0x000000076b380000,0x000000076c54ed78,0x000000076f380000)
  from space 10752K, 80% used [0x000000076f380000,0x000000076fbf6b48,0x000000076fe00000)
  to   space 10752K, 0% used [0x0000000773e00000,0x0000000773e00000,0x0000000774880000)
 ParOldGen       total 175104K, used 5042K [0x00000006c1a00000, 0x00000006cc500000, 0x000000076b380000)
  object space 175104K, 2% used [0x00000006c1a00000,0x00000006c1eecbe0,0x00000006cc500000)
 Metaspace       used 20664K, capacity 21170K, committed 21248K, reserved 1067008K
  class space    used 2632K, capacity 2762K, committed 2816K, reserved 1048576K
Event: 7.600 GC heap after
Heap after GC invocations=4 (full 0):
 PSYoungGen      total 141824K, used 10726K [0x000000076b380000, 0x0000000774880000, 0x00000007c0000000)
  eden space 131072K, 0% used [0x000000076b380000,0x000000076b380000,0x0000000773380000)
  from space 10752K, 99% used [0x0000000773e00000,0x0000000774879948,0x0000000774880000)
  to   space 10752K, 0% used [0x0000000773380000,0x0000000773380000,0x0000000773e00000)
 ParOldGen       total 175104K, used 8729K [0x00000006c1a00000, 0x00000006cc500000, 0x000000076b380000)
  object space 175104K, 4% used [0x00000006c1a00000,0x00000006c22866c0,0x00000006cc500000)
 Metaspace       used 20664K, capacity 21170K, committed 21248K, reserved 1067008K
  class space    used 2632K, capacity 2762K, committed 2816K, reserved 1048576K
}
Event: 7.600 GC heap before
{Heap before GC invocations=5 (full 1):
 PSYoungGen      total 141824K, used 10726K [0x000000076b380000, 0x0000000774880000, 0x00000007c0000000)
  eden space 131072K, 0% used [0x000000076b380000,0x000000076b380000,0x0000000773380000)
  from space 10752K, 99% used [0x0000000773e00000,0x0000000774879948,0x0000000774880000)
  to   space 10752K, 0% used [0x0000000773380000,0x0000000773380000,0x0000000773e00000)
 ParOldGen       total 175104K, used 8729K [0x00000006c1a00000, 0x00000006cc500000, 0x000000076b380000)
  object space 175104K, 4% used [0x00000006c1a00000,0x00000006c22866c0,0x00000006cc500000)
 Metaspace       used 20664K, capacity 21170K, committed 21248K, reserved 1067008K
  class space    used 2632K, capacity 2762K, committed 2816K, reserved 1048576K
Event: 7.621 GC heap after
Heap after GC invocations=5 (full 1):
 PSYoungGen      total 141824K, used 0K [0x000000076b380000, 0x0000000774880000, 0x00000007c0000000)
  eden space 131072K, 0% used [0x000000076b380000,0x000000076b380000,0x0000000773380000)
  from space 10752K, 0% used [0x0000000773e00000,0x0000000773e00000,0x0000000774880000)
  to   space 10752K, 0% used [0x0000000773380000,0x0000000773380000,0x0000000773e00000)
 ParOldGen       total 94208K, used 9847K [0x00000006c1a00000, 0x00000006c7600000, 0x000000076b380000)
  object space 94208K, 10% used [0x00000006c1a00000,0x00000006c239dd00,0x00000006c7600000)
 Metaspace       used 20664K, capacity 21170K, committed 21248K, reserved 1067008K
  class space    used 2632K, capacity 2762K, committed 2816K, reserved 1048576K
}
Event: 208.835 GC heap before
{Heap before GC invocations=6 (full 1):
 PSYoungGen      total 141824K, used 131072K [0x000000076b380000, 0x0000000774880000, 0x00000007c0000000)
  eden space 131072K, 100% used [0x000000076b380000,0x0000000773380000,0x0000000773380000)
  from space 10752K, 0% used [0x0000000773e00000,0x0000000773e00000,0x0000000774880000)
  to   space 10752K, 0% used [0x0000000773380000,0x0000000773380000,0x0000000773e00000)
 ParOldGen       total 94208K, used 9847K [0x00000006c1a00000, 0x00000006c7600000, 0x000000076b380000)
  object space 94208K, 10% used [0x00000006c1a00000,0x00000006c239dd00,0x00000006c7600000)
 Metaspace       used 33067K, capacity 34162K, committed 34304K, reserved 1079296K
  class space    used 4280K, capacity 4508K, committed 4608K, reserved 1048576K
Event: 208.849 GC heap after
Heap after GC invocations=6 (full 1):
 PSYoungGen      total 141824K, used 10725K [0x000000076b380000, 0x000000077c280000, 0x00000007c0000000)
  eden space 131072K, 0% used [0x000000076b380000,0x000000076b380000,0x0000000773380000)
  from space 10752K, 99% used [0x0000000773380000,0x0000000773df9780,0x0000000773e00000)
  to   space 22528K, 0% used [0x000000077ac80000,0x000000077ac80000,0x000000077c280000)
 ParOldGen       total 94208K, used 19180K [0x00000006c1a00000, 0x00000006c7600000, 0x000000076b380000)
  object space 94208K, 20% used [0x00000006c1a00000,0x00000006c2cbb1c0,0x00000006c7600000)
 Metaspace       used 33067K, capacity 34162K, committed 34304K, reserved 1079296K
  class space    used 4280K, capacity 4508K, committed 4608K, reserved 1048576K
}

