# JRE version: Java(TM) SE Runtime Environment (8.0_161-b12) (build 1.8.0_161-b12)
# Java VM: Java HotSpot(TM) 64-Bit Server VM (25.161-b12 mixed mode windows-amd64 compressed oops)
Heap:
 PSYoungGen      total 241152K, used 173137K [0x000000076b380000, 0x000000077dd00000, 0x00000007c0000000)
  eden space 220672K, 69% used [0x000000076b380000,0x000000077489a3c0,0x0000000778b00000)
  from space 20480K, 99% used [0x000000077af00000,0x000000077c2fa288,0x000000077c300000)
  to   space 36864K, 0% used [0x0000000778b00000,0x0000000778b00000,0x000000077af00000)
 ParOldGen       total 91648K, used 43912K [0x00000006c1a00000, 0x00000006c7380000, 0x000000076b380000)
  object space 91648K, 47% used [0x00000006c1a00000,0x00000006c44e21d0,0x00000006c7380000)
 Metaspace       used 33818K, capacity 34852K, committed 35200K, reserved 1079296K
  class space    used 4147K, capacity 4381K, committed 4480K, reserved 1048576K
GC Heap History (10 events):
Event: 6.738 GC heap before
{Heap before GC invocations=3 (full 0):
 PSYoungGen      total 76288K, used 75347K [0x000000076b380000, 0x0000000774880000, 0x00000007c0000000)
  eden space 65536K, 100% used [0x000000076b380000,0x000000076f380000,0x000000076f380000)
  from space 10752K, 91% used [0x000000076fe00000,0x0000000770794cb8,0x0000000770880000)
  to   space 10752K, 0% used [0x000000076f380000,0x000000076f380000,0x000000076fe00000)
 ParOldGen       total 175104K, used 7973K [0x00000006c1a00000, 0x00000006cc500000, 0x000000076b380000)
  object space 175104K, 4% used [0x00000006c1a00000,0x00000006c21c94c8,0x00000006cc500000)
 Metaspace       used 14838K, capacity 15146K, committed 15488K, reserved 1062912K
  class space    used 1756K, capacity 1842K, committed 1920K, reserved 1048576K
Event: 6.743 GC heap after
Heap after GC invocations=3 (full 0):
 PSYoungGen      total 76288K, used 10734K [0x000000076b380000, 0x0000000774880000, 0x00000007c0000000)
  eden space 65536K, 0% used [0x000000076b380000,0x000000076b380000,0x000000076f380000)
  from space 10752K, 99% used [0x000000076f380000,0x000000076fdfb988,0x000000076fe00000)
  to   space 10752K, 0% used [0x0000000773e00000,0x0000000773e00000,0x0000000774880000)
 ParOldGen       total 175104K, used 10700K [0x00000006c1a00000, 0x00000006cc500000, 0x000000076b380000)
  object space 175104K, 6% used [0x00000006c1a00000,0x00000006c24731b0,0x00000006cc500000)
 Metaspace       used 14838K, capacity 15146K, committed 15488K, reserved 1062912K
  class space    used 1756K, capacity 1842K, committed 1920K, reserved 1048576K
}
Event: 7.384 GC heap before
{Heap before GC invocations=4 (full 0):
 PSYoungGen      total 76288K, used 29035K [0x000000076b380000, 0x0000000774880000, 0x00000007c0000000)
  eden space 65536K, 27% used [0x000000076b380000,0x000000076c55f3f8,0x000000076f380000)
  from space 10752K, 99% used [0x000000076f380000,0x000000076fdfb988,0x000000076fe00000)
  to   space 10752K, 0% used [0x0000000773e00000,0x0000000773e00000,0x0000000774880000)
 ParOldGen       total 175104K, used 10700K [0x00000006c1a00000, 0x00000006cc500000, 0x000000076b380000)
  object space 175104K, 6% used [0x00000006c1a00000,0x00000006c24731b0,0x00000006cc500000)
 Metaspace       used 20660K, capacity 21170K, committed 21248K, reserved 1067008K
  class space    used 2628K, capacity 2762K, committed 2816K, reserved 1048576K
Event: 7.389 GC heap after
Heap after GC invocations=4 (full 0):
 PSYoungGen      total 141824K, used 10748K [0x000000076b380000, 0x0000000774880000, 0x00000007c0000000)
  eden space 131072K, 0% used [0x000000076b380000,0x000000076b380000,0x0000000773380000)
  from space 10752K, 99% used [0x0000000773e00000,0x000000077487f3c8,0x0000000774880000)
  to   space 10752K, 0% used [0x0000000773380000,0x0000000773380000,0x0000000773e00000)
 ParOldGen       total 175104K, used 13221K [0x00000006c1a00000, 0x00000006cc500000, 0x000000076b380000)
  object space 175104K, 7% used [0x00000006c1a00000,0x00000006c26e97a0,0x00000006cc500000)
 Metaspace       used 20660K, capacity 21170K, committed 21248K, reserved 1067008K
  class space    used 2628K, capacity 2762K, committed 2816K, reserved 1048576K
}
Event: 7.389 GC heap before
{Heap before GC invocations=5 (full 1):
 PSYoungGen      total 141824K, used 10748K [0x000000076b380000, 0x0000000774880000, 0x00000007c0000000)
  eden space 131072K, 0% used [0x000000076b380000,0x000000076b380000,0x0000000773380000)
  from space 10752K, 99% used [0x0000000773e00000,0x000000077487f3c8,0x0000000774880000)
  to   space 10752K, 0% used [0x0000000773380000,0x0000000773380000,0x0000000773e00000)
 ParOldGen       total 175104K, used 13221K [0x00000006c1a00000, 0x00000006cc500000, 0x000000076b380000)
  object space 175104K, 7% used [0x00000006c1a00000,0x00000006c26e97a0,0x00000006cc500000)
 Metaspace       used 20660K, capacity 21170K, committed 21248K, reserved 1067008K
  class space    used 2628K, capacity 2762K, committed 2816K, reserved 1048576K
Event: 7.408 GC heap after
Heap after GC invocations=5 (full 1):
 PSYoungGen      total 141824K, used 0K [0x000000076b380000, 0x0000000774880000, 0x00000007c0000000)
  eden space 131072K, 0% used [0x000000076b380000,0x000000076b380000,0x0000000773380000)
  from space 10752K, 0% used [0x0000000773e00000,0x0000000773e00000,0x0000000774880000)
  to   space 10752K, 0% used [0x0000000773380000,0x0000000773380000,0x0000000773e00000)
 ParOldGen       total 91648K, used 9842K [0x00000006c1a00000, 0x00000006c7380000, 0x000000076b380000)
  object space 91648K, 10% used [0x00000006c1a00000,0x00000006c239c988,0x00000006c7380000)
 Metaspace       used 20660K, capacity 21170K, committed 21248K, reserved 1067008K
  class space    used 2628K, capacity 2762K, committed 2816K, reserved 1048576K
}
Event: 19.840 GC heap before
{Heap before GC invocations=6 (full 1):
 PSYoungGen      total 141824K, used 131072K [0x000000076b380000, 0x0000000774880000, 0x00000007c0000000)
  eden space 131072K, 100% used [0x000000076b380000,0x0000000773380000,0x0000000773380000)
  from space 10752K, 0% used [0x0000000773e00000,0x0000000773e00000,0x0000000774880000)
  to   space 10752K, 0% used [0x0000000773380000,0x0000000773380000,0x0000000773e00000)
 ParOldGen       total 91648K, used 9842K [0x00000006c1a00000, 0x00000006c7380000, 0x000000076b380000)
  object space 91648K, 10% used [0x00000006c1a00000,0x00000006c239c988,0x00000006c7380000)
 Metaspace       used 32186K, capacity 33134K, committed 33280K, reserved 1079296K
  class space    used 4019K, capacity 4232K, committed 4352K, reserved 1048576K
Event: 19.849 GC heap after
Heap after GC invocations=6 (full 1):
 PSYoungGen      total 141824K, used 10751K [0x000000076b380000, 0x000000077c300000, 0x00000007c0000000)
  eden space 131072K, 0% used [0x000000076b380000,0x000000076b380000,0x0000000773380000)
  from space 10752K, 99% used [0x0000000773380000,0x0000000773dfffb0,0x0000000773e00000)
  to   space 20480K, 0% used [0x000000077af00000,0x000000077af00000,0x000000077c300000)
 ParOldGen       total 91648K, used 19609K [0x00000006c1a00000, 0x00000006c7380000, 0x000000076b380000)
  object space 91648K, 21% used [0x00000006c1a00000,0x00000006c2d26650,0x00000006c7380000)
 Metaspace       used 32186K, capacity 33134K, committed 33280K, reserved 1079296K
  class space    used 4019K, capacity 4232K, committed 4352K, reserved 1048576K
}
Event: 60.281 GC heap before
{Heap before GC invocations=7 (full 1):
 PSYoungGen      total 141824K, used 141823K [0x000000076b380000, 0x000000077c300000, 0x00000007c0000000)
  eden space 131072K, 100% used [0x000000076b380000,0x0000000773380000,0x0000000773380000)
  from space 10752K, 99% used [0x0000000773380000,0x0000000773dfffb0,0x0000000773e00000)
  to   space 20480K, 0% used [0x000000077af00000,0x000000077af00000,0x000000077c300000)
 ParOldGen       total 91648K, used 19609K [0x00000006c1a00000, 0x00000006c7380000, 0x000000076b380000)
  object space 91648K, 21% used [0x00000006c1a00000,0x00000006c2d26650,0x00000006c7380000)
 Metaspace       used 33448K, capacity 34458K, committed 34688K, reserved 1079296K
  class space    used 4144K, capacity 4380K, committed 4480K, reserved 1048576K
Event: 60.296 GC heap after
Heap after GC invocations=7 (full 1):
 PSYoungGen      total 241152K, used 20456K [0x000000076b380000, 0x000000077dd00000, 0x00000007c0000000)
  eden space 220672K, 0% used [0x000000076b380000,0x000000076b380000,0x0000000778b00000)
  from space 20480K, 99% used [0x000000077af00000,0x000000077c2fa288,0x000000077c300000)
  to   space 36864K, 0% used [0x0000000778b00000,0x0000000778b00000,0x000000077af00000)
 ParOldGen       total 91648K, used 43912K [0x00000006c1a00000, 0x00000006c7380000, 0x000000076b380000)
  object space 91648K, 47% used [0x00000006c1a00000,0x00000006c44e21d0,0x00000006c7380000)
 Metaspace       used 33448K, capacity 34458K, committed 34688K, reserved 1079296K
  class space    used 4144K, capacity 4380K, committed 4480K, reserved 1048576K
}

